<?xml version="1.0" encoding="UTF-8"?>
<robot generator="Robot 4.1.3 (Python 3.7.5 on win32)" generated="20220210 15:00:18.624" rpa="true" schemaversion="2">
<suite id="s1" name="Tasks" source="c:\Users\E1365355\OneDrive - Emerson\RoboCorp Automations\robot-orders\tasks.robot">
<test id="s1-t1" name="Order robots from RobotSpareBin Industries Inc">
<kw name="Collect CSV file from user">
<var>${csv_file_path}</var>
<kw name="Add heading" library="RPA.Dialogs">
<arg>Upload CSV File</arg>
<doc>Add a centered heading text element</doc>
<status status="PASS" starttime="20220210 15:00:25.215" endtime="20220210 15:00:25.218"/>
</kw>
<kw name="Add file input" library="RPA.Dialogs">
<arg>label=Upload the CSV file with order data</arg>
<arg>name=fileupload</arg>
<arg>file_type=CSV file (*.csv)</arg>
<arg>destination=c:\\Users\\E1365355\\OneDrive - Emerson\\RoboCorp Automations\\robot-orders${/}output</arg>
<tag>input</tag>
<doc>Add a file input element</doc>
<status status="PASS" starttime="20220210 15:00:25.218" endtime="20220210 15:00:25.220"/>
</kw>
<kw name="Run dialog" library="RPA.Dialogs">
<var>${response}</var>
<tag>dialog</tag>
<doc>Create a dialog from all the defined elements and block
until the user has handled it.</doc>
<msg timestamp="20220210 15:00:25.222" level="INFO">Protecting keyword: RPA.Dialogs.Run dialog</msg>
<msg timestamp="20220210 15:00:38.776" level="INFO">Log level changed from NONE to INFO.</msg>
<status status="PASS" starttime="20220210 15:00:25.222" endtime="20220210 15:00:38.775"/>
</kw>
<msg timestamp="20220210 15:00:38.778" level="INFO">${csv_file_path} = c:\Users\E1365355\OneDrive - Emerson\RoboCorp Automations\robot-orders\output\orders.csv</msg>
<status status="PASS" starttime="20220210 15:00:25.213" endtime="20220210 15:00:38.778"/>
</kw>
<kw name="Open the robot order website">
<kw name="Get Secret" library="RPA.Robocorp.Vault">
<var>${secrets_url}</var>
<arg>RobotOrdersURL</arg>
<doc>Read a secret from the configured source, e.g. Robocorp Vault,
and return it as a ``Secret`` object.</doc>
<msg timestamp="20220210 15:00:38.780" level="INFO">Protecting keyword: RPA.Robocorp.Vault.Get Secret</msg>
<msg timestamp="20220210 15:00:38.789" level="INFO">Log level changed from NONE to INFO.</msg>
<status status="FAIL" starttime="20220210 15:00:38.780" endtime="20220210 15:00:38.788"/>
</kw>
<kw name="Open Available Browser" library="RPA.Browser.Selenium">
<arg>${secrets_url}[url]</arg>
<doc>Attempts to open a browser on the user's device from a set of
supported browsers. Automatically downloads a corresponding webdriver
if none is already installed.</doc>
<status status="NOT RUN" starttime="20220210 15:00:38.790" endtime="20220210 15:00:38.790"/>
</kw>
<status status="FAIL" starttime="20220210 15:00:38.779" endtime="20220210 15:00:38.791"/>
</kw>
<kw name="Get Orders">
<var>${robots}</var>
<status status="NOT RUN" starttime="20220210 15:00:38.792" endtime="20220210 15:00:38.793"/>
</kw>
<for flavor="IN">
<var>${order}</var>
<value>@{robots}</value>
<iter>
<var name="${order}">${order}</var>
<kw name="Close the annoying modal">
<status status="NOT RUN" starttime="20220210 15:00:38.794" endtime="20220210 15:00:38.794"/>
</kw>
<kw name="Fill the form">
<arg>${order}</arg>
<status status="NOT RUN" starttime="20220210 15:00:38.794" endtime="20220210 15:00:38.794"/>
</kw>
<kw name="Preview the robot">
<status status="NOT RUN" starttime="20220210 15:00:38.794" endtime="20220210 15:00:38.795"/>
</kw>
<kw name="Store the receipt as a PDF file">
<var>${pdf}</var>
<arg>${order}</arg>
<status status="NOT RUN" starttime="20220210 15:00:38.795" endtime="20220210 15:00:38.795"/>
</kw>
<kw name="Robot screenshot">
<var>${screenshot}</var>
<arg>${order}</arg>
<status status="NOT RUN" starttime="20220210 15:00:38.796" endtime="20220210 15:00:38.796"/>
</kw>
<kw name="Embed the robot screenshot to the receipt PDF file">
<arg>${screenshot}</arg>
<arg>${pdf}</arg>
<arg>${order}</arg>
<status status="NOT RUN" starttime="20220210 15:00:38.797" endtime="20220210 15:00:38.797"/>
</kw>
<kw name="Order another robot">
<status status="NOT RUN" starttime="20220210 15:00:38.797" endtime="20220210 15:00:38.797"/>
</kw>
<status status="NOT RUN" starttime="20220210 15:00:38.793" endtime="20220210 15:00:38.798"/>
</iter>
<status status="NOT RUN" starttime="20220210 15:00:38.793" endtime="20220210 15:00:38.798"/>
</for>
<kw name="Create ZIP package">
<status status="NOT RUN" starttime="20220210 15:00:38.798" endtime="20220210 15:00:38.798"/>
</kw>
<kw name="Close Browser" library="RPA.Browser.Selenium">
<doc>Closes the current browser.</doc>
<status status="NOT RUN" starttime="20220210 15:00:38.799" endtime="20220210 15:00:38.799"/>
</kw>
<kw name="Cleanup temporary directories" type="TEARDOWN">
<kw name="Remove Directory" library="RPA.FileSystem">
<arg>${PDFReceipts}</arg>
<arg>True</arg>
<doc>Removes the given directory, and optionally everything it contains.</doc>
<msg timestamp="20220210 15:00:38.805" level="FAIL">FileNotFoundError: [WinError 3] The system cannot find the path specified: 'C:/Users/E1365355/OneDrive - Emerson/RoboCorp Automations/robot-orders/output/PDFReceipts'</msg>
<status status="FAIL" starttime="20220210 15:00:38.800" endtime="20220210 15:00:38.805"/>
</kw>
<status status="FAIL" starttime="20220210 15:00:38.799" endtime="20220210 15:00:38.806">FileNotFoundError: [WinError 3] The system cannot find the path specified: 'C:/Users/E1365355/OneDrive - Emerson/RoboCorp Automations/robot-orders/output/PDFReceipts'</status>
</kw>
<status status="FAIL" starttime="20220210 15:00:25.210" endtime="20220210 15:00:38.806">KeyError: 'Missing required environment variable: RC_API_SECRET_HOST'

Also teardown failed:
FileNotFoundError: [WinError 3] The system cannot find the path specified: 'C:/Users/E1365355/OneDrive - Emerson/RoboCorp Automations/robot-orders/output/PDFReceipts'</status>
</test>
<doc>Orders robots from RobotSpareBin Industries Inc.
Saves the order HTML receipt as a PDF file.
Saves the screenshot of the ordered robot.
Embeds the screenshot of the robot to the PDF receipt.
Creates ZIP archive of the receipts and the images.</doc>
<status status="FAIL" starttime="20220210 15:00:18.629" endtime="20220210 15:00:38.809"/>
</suite>
<statistics>
<total>
<stat pass="0" fail="1" skip="0">All Tasks</stat>
</total>
<tag>
</tag>
<suite>
<stat pass="0" fail="1" skip="0" id="s1" name="Tasks">Tasks</stat>
</suite>
</statistics>
<errors>
<msg timestamp="20220210 15:00:24.965" level="WARN">This is a deprecated import that will be removed in favor of RPA.Robocorp.WorkItems</msg>
<msg timestamp="20220210 15:00:25.207" level="WARN">No input work items file found: None</msg>
</errors>
</robot>
